2026-02-27 12:39:33.596 | INFO     | __main__:main:986 - Run dir: /home/zhongmouhe/p2/tinker-pipeline/runs/grpo_rl_20260227_123930
2026-02-27 12:39:33.596 | INFO     | __main__:main:987 - RL dir: /home/zhongmouhe/p2/tinker-pipeline/runs/grpo_rl_20260227_123930/rl_phase
2026-02-27 12:39:33.610 | INFO     | __main__:_load_split_dataset:380 - Loaded train split from /home/zhongmouhe/p2/tinker-pipeline/dataset/ethos/ethos_train.csv using columns (text, label)
2026-02-27 12:39:33.614 | INFO     | __main__:_load_split_dataset:380 - Loaded val split from /home/zhongmouhe/p2/tinker-pipeline/dataset/ethos/ethos_val.csv using columns (text, label)
2026-02-27 12:39:33.617 | INFO     | __main__:_load_split_dataset:380 - Loaded test split from /home/zhongmouhe/p2/tinker-pipeline/dataset/ethos/ethos_test.csv using columns (text, label)
2026-02-27 12:39:33.617 | INFO     | __main__:main:1028 - Dataset 'ethos' | train=698 val=150 test=150
2026-02-27 12:39:33.621 | INFO     | __main__:main:1058 - Hard/easy split: 92 hard, 606 easy (90 selected for monitoring)
2026-02-27 12:39:33.933 | INFO     | __main__:main:1079 - Initializing RL training client from state: tinker://c63cb939-1662-578f-9353-9cebd4bb9670:train:0/weights/reasoning_sft_20260219_225250_resume_state
2026-02-27 12:39:52.080 | INFO     | __main__:main:1123 - Label probe tokens: one=[16], zero=[15]
2026-02-27 12:39:52.081 | INFO     | __main__:main:1128 - Pre-tokenizing val eval rows (150 examples)...
2026-02-27 12:39:52.257 | INFO     | __main__:main:1136 - Val eval rows: 150
2026-02-27 12:39:52.258 | INFO     | __main__:main:1143 - Pre-tokenizing hard eval rows (92 examples)...
2026-02-27 12:39:52.353 | INFO     | __main__:main:1152 - Hard eval rows: 92
2026-02-27 12:39:52.354 | INFO     | __main__:main:1160 - Pre-tokenizing easy eval rows (90 examples)...
2026-02-27 12:39:52.450 | INFO     | __main__:main:1169 - Easy eval rows: 90
2026-02-27 12:39:52.450 | INFO     | __main__:main:1176 - Pre-tokenizing test rows (150 examples)...
2026-02-27 12:39:52.792 | INFO     | __main__:main:1191 - Test gen rows: 150, test logprob rows: 150
2026-02-27 12:39:52.792 | INFO     | __main__:main:1194 - Pre-tokenizing train prompts (698 examples)...
2026-02-27 12:39:53.542 | INFO     | __main__:main:1200 - Train prompts: 698
2026-02-27 12:39:55.012 | INFO     | __main__:main:1217 - WandB run: https://wandb.ai/hzm20021210-carnegie-mellon-university/reasoning-sft-tinker/runs/rojaw2wr
2026-02-27 12:39:55.012 | INFO     | __main__:main:1253 - RL schedule: epochs=3 batch_size=8 steps_per_epoch=88 total_steps=264 group_size=8
2026-02-27 12:40:16.406 | INFO     | __main__:main:1646 - Step 1/264 | epoch 0 | loss=0.0000 reward=0.844 acc=0.922 invalid=0.000 thinking=192tok kl=0.0000
2026-02-27 12:43:05.205 | INFO     | __main__:main:1646 - Step 10/264 | epoch 0 | loss=0.0000 reward=0.156 acc=0.578 invalid=0.000 thinking=168tok kl=0.0000
2026-02-27 12:43:41.958 | WARNING  | __main__:<module>:1816 - Training interrupted by user.
