2026-02-27 12:37:16.219 | INFO     | __main__:main:986 - Run dir: /home/zhongmouhe/p2/tinker-pipeline/runs/grpo_rl_20260227_123713
2026-02-27 12:37:16.219 | INFO     | __main__:main:987 - RL dir: /home/zhongmouhe/p2/tinker-pipeline/runs/grpo_rl_20260227_123713/rl_phase
2026-02-27 12:37:16.233 | INFO     | __main__:_load_split_dataset:380 - Loaded train split from /home/zhongmouhe/p2/tinker-pipeline/dataset/ethos/ethos_train.csv using columns (text, label)
2026-02-27 12:37:16.237 | INFO     | __main__:_load_split_dataset:380 - Loaded val split from /home/zhongmouhe/p2/tinker-pipeline/dataset/ethos/ethos_val.csv using columns (text, label)
2026-02-27 12:37:16.240 | INFO     | __main__:_load_split_dataset:380 - Loaded test split from /home/zhongmouhe/p2/tinker-pipeline/dataset/ethos/ethos_test.csv using columns (text, label)
2026-02-27 12:37:16.240 | INFO     | __main__:main:1028 - Dataset 'ethos' | train=698 val=150 test=150
2026-02-27 12:37:16.244 | INFO     | __main__:main:1058 - Hard/easy split: 92 hard, 606 easy (90 selected for monitoring)
2026-02-27 12:37:16.513 | INFO     | __main__:main:1079 - Initializing RL training client from state: tinker://c63cb939-1662-578f-9353-9cebd4bb9670:train:0/weights/reasoning_sft_20260219_225250_resume_state
2026-02-27 12:37:42.136 | INFO     | __main__:main:1123 - Label probe tokens: one=[16], zero=[15]
2026-02-27 12:37:42.136 | INFO     | __main__:main:1128 - Pre-tokenizing val eval rows (150 examples)...
2026-02-27 12:37:42.373 | INFO     | __main__:main:1136 - Val eval rows: 150
2026-02-27 12:37:42.373 | INFO     | __main__:main:1143 - Pre-tokenizing hard eval rows (92 examples)...
2026-02-27 12:37:42.503 | INFO     | __main__:main:1152 - Hard eval rows: 92
2026-02-27 12:37:42.504 | INFO     | __main__:main:1160 - Pre-tokenizing easy eval rows (90 examples)...
2026-02-27 12:37:42.621 | INFO     | __main__:main:1169 - Easy eval rows: 90
2026-02-27 12:37:42.621 | INFO     | __main__:main:1176 - Pre-tokenizing test rows (150 examples)...
2026-02-27 12:37:42.965 | INFO     | __main__:main:1191 - Test gen rows: 150, test logprob rows: 150
2026-02-27 12:37:42.965 | INFO     | __main__:main:1194 - Pre-tokenizing train prompts (698 examples)...
2026-02-27 12:37:43.723 | INFO     | __main__:main:1200 - Train prompts: 698
2026-02-27 12:37:44.882 | WARNING  | __main__:main:1219 - WandB init failed (Error uploading run: returned error 401: {"data":{"upsertBucket":null},"errors":[{"message":"user is not logged in","path":["upsertBucket"],"extensions":{"code":"PERMISSION_ERROR"}}]}). Training will continue without remote logging.
